go witnes
nuclei
caido
lazygit
git bisect
wpscan
hacktrix
dirsearch
spiderfoot
sherlock
gitleaks

https://learn.microsoft.com/en-us/security/

https://learn.microsoft.com/en-us/training/browse/?hideCompleted=true&levels=beginner&subjects=security&resource_type=learning%20path&roles=security-engineer

authenticate network time protocol
Als gespoofd kan ddos voor authenticatie denyen doordat time niet goed is
certificate can "expire"

MICROSoft cloud defender
intel explorer

https://docs.google.com/file/d/0B7d_gqEI7itKMTJxc0dycFhvUmM/edit?resourcekey=0-UVtEXBuq4nWE75ZNCmKw8g

https://github.com/freelabz/secator

https://github.com/hacking-support/DVUEFI

http://www.catb.org/esr/faqs/hacker-howto.html

C:\Windows\ImmersiveControlPanel\Settings\AllSystemSettings_{253E530E-387D-4BC2-959D-E6F86122E5F2}.xml

emailrep.io

dirbuster

flask-unsign